<?xml version="1.0" encoding="UTF-8"?><testsuite errors="0" failures="0" name="com.bestbuy.bestbuyinfo.StoresCRUDTest" skipped="0" tests="4" time="0.42" timestamp="2023-06-04T14:17:41.206+01:00[Europe/London]"><testcase classname="com.bestbuy.bestbuyinfo.StoresCRUDTest" name="Creating stores"/><testcase classname="com.bestbuy.bestbuyinfo.StoresCRUDTest" name="Get store"/><testcase classname="com.bestbuy.bestbuyinfo.StoresCRUDTest" name="Update store"/><testcase classname="com.bestbuy.bestbuyinfo.StoresCRUDTest" name="Delete the store and verify if the store is deleted!"/></testsuite>