<?xml version="1.0" encoding="UTF-8"?><testsuite errors="0" failures="0" name="com.bestbuy.bestbuyinfo.ProductsCRUDTest" skipped="0" tests="4" time="8.4" timestamp="2023-06-04T14:17:30.110+01:00[Europe/London]"><testcase classname="com.bestbuy.bestbuyinfo.ProductsCRUDTest" name="Creating product"/><testcase classname="com.bestbuy.bestbuyinfo.ProductsCRUDTest" name="Get single product"/><testcase classname="com.bestbuy.bestbuyinfo.ProductsCRUDTest" name="update product"/><testcase classname="com.bestbuy.bestbuyinfo.ProductsCRUDTest" name="Delete the product and verify if the product is deleted!"/></testsuite>